[2021/04/20 15:43:15.672] [DEBUG] [CredentialManagerFactory.js:135] Initialized the "Zowe-Plugin" credential manager for "Zowe-Plugin".
[2021/04/20 15:43:15.991] [INFO] [AbstractProfileManager.js:329] Loading profile "default" of type "zosmf"...
[2021/04/20 15:43:16.001] [DEBUG] [AbstractProfileManager.js:337] The default profile for type "zosmf" is "tso1".
[2021/04/20 15:43:16.004] [DEBUG] [AbstractProfileManager.js:368] Load count for "type_name" key "zosmf_tso1" is 1
[2021/04/20 15:43:16.006] [DEBUG] [AbstractProfileManager.js:379] Invoking the implementation to load profile "tso1" of type "zosmf".
[2021/04/20 15:43:16.031] [DEBUG] [BasicProfileManager.js:249] Loading profile "tso1" (load default: "true") of type "zosmf".
[2021/04/20 15:43:16.037] [INFO] [AbstractProfileManager.js:413] Validating profile of type "zosmf"...
[2021/04/20 15:43:16.050] [DEBUG] [CliProfileManager.js:338] Setting profile field host from command line option host
[2021/04/20 15:43:16.053] [DEBUG] [CliProfileManager.js:338] Setting profile field port from command line option port
[2021/04/20 15:43:16.055] [DEBUG] [CliProfileManager.js:338] Setting profile field user from command line option user
[2021/04/20 15:43:16.058] [DEBUG] [CliProfileManager.js:340] Performing secure operation on property user
[2021/04/20 15:43:16.060] [DEBUG] [CliProfileManager.js:200] Loading secured field with key user for profile ("tso1" of type "zosmf").
[2021/04/20 15:43:16.068] [ERROR] [CliProfileManager.js:206] Unable to load secure field "user" associated with profile "tso1" of type "zosmf".
[2021/04/20 15:43:16.071] [ERROR] [CliProfileManager.js:210] Error: Keytar not Installed
[2021/04/20 15:43:16.082] [ERROR] [CliProfileManager.js:212] Cause errors: Error: Cannot find module 'keytar'
Require stack:
- C:\dev\node\next-zowe-sdk\node_modules\@zowe\imperative\lib\security\src\DefaultCredentialManager.js
- C:\dev\node\next-zowe-sdk\node_modules\@zowe\imperative\lib\security\src\CredentialManagerFactory.js
- C:\dev\node\next-zowe-sdk\node_modules\@zowe\imperative\lib\security\index.js
- C:\dev\node\next-zowe-sdk\node_modules\@zowe\imperative\lib\cmd\src\profiles\CliProfileManager.js
- C:\dev\node\next-zowe-sdk\node_modules\@zowe\imperative\lib\cmd\index.js
- C:\dev\node\next-zowe-sdk\node_modules\@zowe\imperative\lib\index.js
- C:\dev\node\next-zowe-sdk\test.js
    at Function.Module._resolveFilename (internal/modules/cjs/loader.js:880:15)
    at Function.Module._load (internal/modules/cjs/loader.js:725:27)
    at Module.require (internal/modules/cjs/loader.js:952:19)
    at require (internal/modules/cjs/helpers.js:88:18)
    at C:\dev\node\next-zowe-sdk\node_modules\@zowe\imperative\lib\security\src\DefaultCredentialManager.js:85:66 {
  code: 'MODULE_NOT_FOUND',
  requireStack: [
    'C:\\dev\\node\\next-zowe-sdk\\node_modules\\@zowe\\imperative\\lib\\security\\src\\DefaultCredentialManager.js',
    'C:\\dev\\node\\next-zowe-sdk\\node_modules\\@zowe\\imperative\\lib\\security\\src\\CredentialManagerFactory.js',
    'C:\\dev\\node\\next-zowe-sdk\\node_modules\\@zowe\\imperative\\lib\\security\\index.js',
    'C:\\dev\\node\\next-zowe-sdk\\node_modules\\@zowe\\imperative\\lib\\cmd\\src\\profiles\\CliProfileManager.js',
    'C:\\dev\\node\\next-zowe-sdk\\node_modules\\@zowe\\imperative\\lib\\cmd\\index.js',
    'C:\\dev\\node\\next-zowe-sdk\\node_modules\\@zowe\\imperative\\lib\\index.js',
    'C:\\dev\\node\\next-zowe-sdk\\test.js'
  ]
}
[2021/04/20 15:43:16.087] [ERROR] [AbstractProfileManager.js:383] Load implementation error: Unable to load the secure field "user" associated with the profile "tso1" of type "zosmf".
[2021/04/20 15:43:16.091] [WARN] [ProfileUtils.js:66] Unable to load the secure field "user" associated with the profile "tso1" of type "zosmf".
[2021/04/20 15:43:16.162] [INFO] [AbstractProfileManager.js:329] Loading profile "default" of type "base"...
[2021/04/20 15:43:16.169] [DEBUG] [AbstractProfileManager.js:337] The default profile for type "base" is "null".
[2021/04/20 15:43:16.172] [ERROR] [AbstractProfileManager.js:344] No default profile exists for type "base".
[2021/04/20 15:43:16.174] [WARN] [ProfileUtils.js:88] No default profile set for type "base".
[2021/04/20 15:45:07.866] [DEBUG] [CredentialManagerFactory.js:135] Initialized the "Zowe-Plugin" credential manager for "Zowe-Plugin".
[2021/04/20 15:45:08.278] [INFO] [AbstractProfileManager.js:329] Loading profile "default" of type "zosmf"...
[2021/04/20 15:45:08.305] [DEBUG] [AbstractProfileManager.js:337] The default profile for type "zosmf" is "tso1".
[2021/04/20 15:45:08.310] [DEBUG] [AbstractProfileManager.js:368] Load count for "type_name" key "zosmf_tso1" is 1
[2021/04/20 15:45:08.315] [DEBUG] [AbstractProfileManager.js:379] Invoking the implementation to load profile "tso1" of type "zosmf".
[2021/04/20 15:45:08.326] [DEBUG] [BasicProfileManager.js:249] Loading profile "tso1" (load default: "true") of type "zosmf".
[2021/04/20 15:45:08.334] [INFO] [AbstractProfileManager.js:413] Validating profile of type "zosmf"...
[2021/04/20 15:45:08.349] [DEBUG] [CliProfileManager.js:338] Setting profile field host from command line option host
[2021/04/20 15:45:08.353] [DEBUG] [CliProfileManager.js:338] Setting profile field port from command line option port
[2021/04/20 15:45:08.356] [DEBUG] [CliProfileManager.js:338] Setting profile field user from command line option user
[2021/04/20 15:45:08.358] [DEBUG] [CliProfileManager.js:340] Performing secure operation on property user
[2021/04/20 15:45:08.369] [DEBUG] [CliProfileManager.js:200] Loading secured field with key user for profile ("tso1" of type "zosmf").
[2021/04/20 15:45:08.378] [DEBUG] [CliProfileManager.js:338] Setting profile field password from command line option password
[2021/04/20 15:45:08.380] [DEBUG] [CliProfileManager.js:340] Performing secure operation on property password
[2021/04/20 15:45:08.383] [DEBUG] [CliProfileManager.js:200] Loading secured field with key password for profile ("tso1" of type "zosmf").
[2021/04/20 15:45:08.390] [DEBUG] [CliProfileManager.js:338] Setting profile field rejectUnauthorized from command line option reject-unauthorized
[2021/04/20 15:45:08.396] [DEBUG] [CliProfileManager.js:338] Setting profile field basePath from command line option base-path
[2021/04/20 15:45:08.402] [DEBUG] [CliProfileManager.js:338] Setting profile field encoding from command line option encoding
[2021/04/20 15:45:08.406] [DEBUG] [CliProfileManager.js:338] Setting profile field responseTimeout from command line option responseTimeout
[2021/04/20 15:45:08.414] [INFO] [AbstractProfileManager.js:389] Load API completed for profile "tso1" of type "zosmf".
[2021/04/20 15:45:08.506] [INFO] [AbstractProfileManager.js:329] Loading profile "default" of type "base"...
[2021/04/20 15:45:08.515] [DEBUG] [AbstractProfileManager.js:337] The default profile for type "base" is "null".
[2021/04/20 15:45:08.536] [ERROR] [AbstractProfileManager.js:344] No default profile exists for type "base".
[2021/04/20 15:45:08.542] [WARN] [ProfileUtils.js:88] No default profile set for type "base".
[2021/04/20 15:45:25.556] [DEBUG] [CredentialManagerFactory.js:135] Initialized the "Zowe-Plugin" credential manager for "Zowe-Plugin".
[2021/04/20 15:45:25.822] [INFO] [AbstractProfileManager.js:329] Loading profile "default" of type "zosmf"...
[2021/04/20 15:45:25.831] [DEBUG] [AbstractProfileManager.js:337] The default profile for type "zosmf" is "tso1".
[2021/04/20 15:45:25.835] [DEBUG] [AbstractProfileManager.js:368] Load count for "type_name" key "zosmf_tso1" is 1
[2021/04/20 15:45:25.838] [DEBUG] [AbstractProfileManager.js:379] Invoking the implementation to load profile "tso1" of type "zosmf".
[2021/04/20 15:45:25.847] [DEBUG] [BasicProfileManager.js:249] Loading profile "tso1" (load default: "true") of type "zosmf".
[2021/04/20 15:45:25.861] [INFO] [AbstractProfileManager.js:413] Validating profile of type "zosmf"...
[2021/04/20 15:45:25.875] [DEBUG] [CliProfileManager.js:338] Setting profile field host from command line option host
[2021/04/20 15:45:25.881] [DEBUG] [CliProfileManager.js:338] Setting profile field port from command line option port
[2021/04/20 15:45:25.886] [DEBUG] [CliProfileManager.js:338] Setting profile field user from command line option user
[2021/04/20 15:45:25.889] [DEBUG] [CliProfileManager.js:340] Performing secure operation on property user
[2021/04/20 15:45:25.893] [DEBUG] [CliProfileManager.js:200] Loading secured field with key user for profile ("tso1" of type "zosmf").
[2021/04/20 15:45:25.901] [DEBUG] [CliProfileManager.js:338] Setting profile field password from command line option password
[2021/04/20 15:45:25.903] [DEBUG] [CliProfileManager.js:340] Performing secure operation on property password
[2021/04/20 15:45:25.906] [DEBUG] [CliProfileManager.js:200] Loading secured field with key password for profile ("tso1" of type "zosmf").
[2021/04/20 15:45:25.914] [DEBUG] [CliProfileManager.js:338] Setting profile field rejectUnauthorized from command line option reject-unauthorized
[2021/04/20 15:45:25.917] [DEBUG] [CliProfileManager.js:338] Setting profile field basePath from command line option base-path
[2021/04/20 15:45:25.922] [DEBUG] [CliProfileManager.js:338] Setting profile field encoding from command line option encoding
[2021/04/20 15:45:25.927] [DEBUG] [CliProfileManager.js:338] Setting profile field responseTimeout from command line option responseTimeout
[2021/04/20 15:45:25.929] [INFO] [AbstractProfileManager.js:389] Load API completed for profile "tso1" of type "zosmf".
[2021/04/20 15:45:26.023] [INFO] [AbstractProfileManager.js:329] Loading profile "default" of type "base"...
[2021/04/20 15:45:26.031] [DEBUG] [AbstractProfileManager.js:337] The default profile for type "base" is "null".
[2021/04/20 15:45:26.034] [ERROR] [AbstractProfileManager.js:344] No default profile exists for type "base".
[2021/04/20 15:45:26.037] [WARN] [ProfileUtils.js:88] No default profile set for type "base".
[2021/04/21 11:44:48.846] [DEBUG] [CredentialManagerFactory.js:135] Initialized the "Zowe-Plugin" credential manager for "Zowe-Plugin".
[2021/04/21 11:44:48.891] [INFO] [AbstractProfileManager.js:329] Loading profile "default" of type "zosmf"...
[2021/04/21 11:44:48.892] [DEBUG] [AbstractProfileManager.js:337] The default profile for type "zosmf" is "tso1".
[2021/04/21 11:44:48.893] [DEBUG] [AbstractProfileManager.js:368] Load count for "type_name" key "zosmf_tso1" is 1
[2021/04/21 11:44:48.893] [DEBUG] [AbstractProfileManager.js:379] Invoking the implementation to load profile "tso1" of type "zosmf".
[2021/04/21 11:44:48.895] [DEBUG] [BasicProfileManager.js:249] Loading profile "tso1" (load default: "true") of type "zosmf".
[2021/04/21 11:44:48.896] [INFO] [AbstractProfileManager.js:413] Validating profile of type "zosmf"...
[2021/04/21 11:44:48.898] [DEBUG] [CliProfileManager.js:338] Setting profile field host from command line option host
[2021/04/21 11:44:48.899] [DEBUG] [CliProfileManager.js:338] Setting profile field port from command line option port
[2021/04/21 11:44:48.899] [DEBUG] [CliProfileManager.js:338] Setting profile field user from command line option user
[2021/04/21 11:44:48.899] [DEBUG] [CliProfileManager.js:340] Performing secure operation on property user
[2021/04/21 11:44:48.900] [DEBUG] [CliProfileManager.js:200] Loading secured field with key user for profile ("tso1" of type "zosmf").
[2021/04/21 11:44:48.903] [DEBUG] [CliProfileManager.js:338] Setting profile field password from command line option password
[2021/04/21 11:44:48.904] [DEBUG] [CliProfileManager.js:340] Performing secure operation on property password
[2021/04/21 11:44:48.905] [DEBUG] [CliProfileManager.js:200] Loading secured field with key password for profile ("tso1" of type "zosmf").
[2021/04/21 11:44:48.906] [DEBUG] [CliProfileManager.js:338] Setting profile field rejectUnauthorized from command line option reject-unauthorized
[2021/04/21 11:44:48.907] [DEBUG] [CliProfileManager.js:338] Setting profile field basePath from command line option base-path
[2021/04/21 11:44:48.907] [DEBUG] [CliProfileManager.js:338] Setting profile field encoding from command line option encoding
[2021/04/21 11:44:48.908] [DEBUG] [CliProfileManager.js:338] Setting profile field responseTimeout from command line option responseTimeout
[2021/04/21 11:44:48.908] [INFO] [AbstractProfileManager.js:389] Load API completed for profile "tso1" of type "zosmf".
[2021/04/21 11:44:48.922] [INFO] [AbstractProfileManager.js:329] Loading profile "default" of type "base"...
[2021/04/21 11:44:48.923] [DEBUG] [AbstractProfileManager.js:337] The default profile for type "base" is "null".
[2021/04/21 11:44:48.924] [ERROR] [AbstractProfileManager.js:344] No default profile exists for type "base".
[2021/04/21 11:44:48.925] [WARN] [ProfileUtils.js:88] No default profile set for type "base".
[2021/04/21 11:46:45.441] [DEBUG] [CredentialManagerFactory.js:135] Initialized the "Zowe-Plugin" credential manager for "Zowe-Plugin".
[2021/04/21 11:46:45.491] [INFO] [AbstractProfileManager.js:329] Loading profile "default" of type "zosmf"...
[2021/04/21 11:46:45.493] [DEBUG] [AbstractProfileManager.js:337] The default profile for type "zosmf" is "tso1".
[2021/04/21 11:46:45.493] [DEBUG] [AbstractProfileManager.js:368] Load count for "type_name" key "zosmf_tso1" is 1
[2021/04/21 11:46:45.494] [DEBUG] [AbstractProfileManager.js:379] Invoking the implementation to load profile "tso1" of type "zosmf".
[2021/04/21 11:46:45.495] [DEBUG] [BasicProfileManager.js:249] Loading profile "tso1" (load default: "true") of type "zosmf".
[2021/04/21 11:46:45.496] [INFO] [AbstractProfileManager.js:413] Validating profile of type "zosmf"...
[2021/04/21 11:46:45.498] [DEBUG] [CliProfileManager.js:338] Setting profile field host from command line option host
[2021/04/21 11:46:45.498] [DEBUG] [CliProfileManager.js:338] Setting profile field port from command line option port
[2021/04/21 11:46:45.498] [DEBUG] [CliProfileManager.js:338] Setting profile field user from command line option user
[2021/04/21 11:46:45.499] [DEBUG] [CliProfileManager.js:340] Performing secure operation on property user
[2021/04/21 11:46:45.499] [DEBUG] [CliProfileManager.js:200] Loading secured field with key user for profile ("tso1" of type "zosmf").
[2021/04/21 11:46:45.502] [DEBUG] [CliProfileManager.js:338] Setting profile field password from command line option password
[2021/04/21 11:46:45.502] [DEBUG] [CliProfileManager.js:340] Performing secure operation on property password
[2021/04/21 11:46:45.503] [DEBUG] [CliProfileManager.js:200] Loading secured field with key password for profile ("tso1" of type "zosmf").
[2021/04/21 11:46:45.505] [DEBUG] [CliProfileManager.js:338] Setting profile field rejectUnauthorized from command line option reject-unauthorized
[2021/04/21 11:46:45.506] [DEBUG] [CliProfileManager.js:338] Setting profile field basePath from command line option base-path
[2021/04/21 11:46:45.507] [DEBUG] [CliProfileManager.js:338] Setting profile field encoding from command line option encoding
[2021/04/21 11:46:45.507] [DEBUG] [CliProfileManager.js:338] Setting profile field responseTimeout from command line option responseTimeout
[2021/04/21 11:46:45.508] [INFO] [AbstractProfileManager.js:389] Load API completed for profile "tso1" of type "zosmf".
[2021/04/21 11:46:45.522] [INFO] [AbstractProfileManager.js:329] Loading profile "default" of type "base"...
[2021/04/21 11:46:45.524] [DEBUG] [AbstractProfileManager.js:337] The default profile for type "base" is "null".
[2021/04/21 11:46:45.524] [ERROR] [AbstractProfileManager.js:344] No default profile exists for type "base".
[2021/04/21 11:46:45.525] [WARN] [ProfileUtils.js:88] No default profile set for type "base".
